\BOOKMARK [0][-]{section*.1}{\376\377\000C\000h\000a\000p\000t\000e\000r\000\040\0001\000\040\040\024\000\040\000R\000e\000p\000o\000s\000i\000t\000o\000r\000y\000\040\000L\000a\000y\000o\000u\000t\000\040\000a\000n\000d\000\040\000B\000u\000i\000l\000d\000\040\000E\000n\000t\000r\000y\000\040\000P\000o\000i\000n\000t\000s\000\040}{}% 1
\BOOKMARK [1][-]{section*.2}{\376\377\000T\000o\000p\000-\000L\000e\000v\000e\000l\000\040\000D\000i\000r\000e\000c\000t\000o\000r\000y\000\040\000M\000a\000p}{section*.1}% 2
\BOOKMARK [1][-]{section*.3}{\376\377\000T\000e\000x\000t\000b\000o\000o\000k\000\040\000B\000u\000i\000l\000d\000\040\000F\000l\000o\000w}{section*.1}% 3
\BOOKMARK [1][-]{section*.4}{\376\377\000H\000o\000m\000e\000w\000o\000r\000k\000\040\000P\000r\000o\000j\000e\000c\000t\000s}{section*.1}% 4
\BOOKMARK [1][-]{section*.5}{\376\377\000O\000u\000t\000p\000u\000t\000\040\000H\000y\000g\000i\000e\000n\000e\000\040\000a\000n\000d\000\040\000P\000a\000t\000h\000\040\000H\000e\000l\000p\000e\000r\000s}{section*.1}% 5
\BOOKMARK [0][-]{section*.6}{\376\377\000C\000h\000a\000p\000t\000e\000r\000\040\0002\000\040\040\024\000\040\000T\000e\000X\000\040\000L\000i\000b\000r\000a\000r\000y\000\040\000R\000e\000f\000e\000r\000e\000n\000c\000e}{}% 6
\BOOKMARK [1][-]{section*.7}{\376\377\000M\000o\000d\000u\000l\000e\000\040\000O\000v\000e\000r\000v\000i\000e\000w}{section*.6}% 7
\BOOKMARK [1][-]{section*.8}{\376\377\000t\000e\000x\000/\000c\000o\000r\000e\000/\000c\000o\000l\000o\000r\000s\000.\000t\000e\000x\000:\000\040\000P\000a\000l\000e\000t\000t\000e\000\040\000B\000o\000o\000t\000s\000t\000r\000a\000p}{section*.6}% 8
\BOOKMARK [1][-]{section*.9}{\376\377\000t\000e\000x\000/\000c\000o\000r\000e\000/\000b\000a\000s\000e\000.\000t\000e\000x\000:\000\040\000C\000o\000m\000m\000o\000n\000\040\000P\000a\000c\000k\000a\000g\000e\000s\000\040\000a\000n\000d\000\040\000M\000a\000c\000r\000o\000s}{section*.6}% 9
\BOOKMARK [1][-]{section*.10}{\376\377\000t\000e\000x\000/\000s\000t\000y\000l\000e\000s\000/\000n\000o\000t\000e\000s\000.\000t\000e\000x\000:\000\040\000B\000o\000o\000k\000\040\000L\000a\000y\000o\000u\000t}{section*.6}% 10
\BOOKMARK [1][-]{section*.11}{\376\377\000t\000e\000x\000/\000s\000t\000y\000l\000e\000s\000/\000h\000o\000m\000e\000w\000o\000r\000k\000.\000t\000e\000x\000:\000\040\000A\000s\000s\000i\000g\000n\000m\000e\000n\000t\000\040\000L\000a\000y\000o\000u\000t}{section*.6}% 11
\BOOKMARK [1][-]{section*.12}{\376\377\000t\000e\000x\000/\000m\000o\000d\000u\000l\000e\000s\000/\000h\000o\000m\000e\000w\000o\000r\000k\000-\000e\000m\000b\000e\000d\000.\000t\000e\000x\000:\000\040\000E\000m\000b\000e\000d\000d\000i\000n\000g\000\040\000S\000h\000i\000m}{section*.6}% 12
\BOOKMARK [1][-]{section*.13}{\376\377\000t\000e\000x\000/\000s\000y\000s\000t\000e\000m\000/\000d\000o\000c\000u\000m\000e\000n\000t\000-\000*\000.\000t\000e\000x\000:\000\040\000S\000t\000a\000n\000d\000a\000l\000o\000n\000e\000\040\000W\000r\000a\000p\000p\000e\000r\000s}{section*.6}% 13
\BOOKMARK [1][-]{section*.14}{\376\377\000C\000r\000o\000s\000s\000-\000R\000e\000f\000e\000r\000e\000n\000c\000i\000n\000g\000\040\000I\000n\000t\000a\000k\000e\000\040\000M\000a\000t\000e\000r\000i\000a\000l}{section*.6}% 14
\BOOKMARK [0][-]{section*.16}{\376\377\000C\000h\000a\000p\000t\000e\000r\000\040\0003\000\040\040\024\000\040\000A\000u\000t\000h\000o\000r\000i\000n\000g\000\040\000W\000o\000r\000k\000f\000l\000o\000w}{}% 15
\BOOKMARK [1][-]{section*.17}{\376\377\000B\000u\000i\000l\000d\000\040\000T\000o\000o\000l\000i\000n\000g\000\040\000a\000n\000d\000\040\000C\000o\000m\000m\000a\000n\000d\000s}{section*.16}% 16
\BOOKMARK [1][-]{section*.18}{\376\377\000A\000d\000d\000i\000n\000g\000\040\000N\000e\000w\000\040\000C\000o\000n\000t\000e\000n\000t}{section*.16}% 17
\BOOKMARK [1][-]{section*.19}{\376\377\000E\000m\000b\000e\000d\000d\000i\000n\000g\000\040\000H\000o\000m\000e\000w\000o\000r\000k\000\040\000i\000n\000\040\000t\000h\000e\000\040\000D\000o\000c\000u\000m\000e\000n\000t\000a\000t\000i\000o\000n}{section*.16}% 18
\BOOKMARK [1][-]{section*.20}{\376\377\000P\000e\000r\000-\000D\000o\000c\000u\000m\000e\000n\000t\000\040\000O\000v\000e\000r\000r\000i\000d\000e\000s}{section*.16}% 19
\BOOKMARK [1][-]{section*.21}{\376\377\000M\000a\000i\000n\000t\000e\000n\000a\000n\000c\000e\000\040\000C\000h\000e\000c\000k\000l\000i\000s\000t}{section*.16}% 20
\BOOKMARK [0][-]{appendix.A}{\376\377\000H\000o\000m\000e\000w\000o\000r\000k\000\040\000C\000o\000l\000l\000e\000c\000t\000i\000o\000n}{}% 21
\BOOKMARK [1][-]{section*.23}{\376\377\000H\000o\000m\000e\000w\000o\000r\000k\000\040\000T\000e\000m\000p\000l\000a\000t\000e}{appendix.A}% 22
\BOOKMARK [0][-]{appendix.B}{\376\377\000D\000i\000s\000c\000u\000s\000s\000i\000o\000n\000\040\000N\000o\000t\000e\000s}{}% 23
\BOOKMARK [1][-]{section*.26}{\376\377\000D\000i\000s\000c\000u\000s\000s\000i\000o\000n\000\040\000<\000p\000a\000c\000k\000\040\000h\000e\000r\000e\000>\000\040\040\024\000\040\000<\000s\000h\000e\000e\000t\000\040\000o\000r\000\040\000t\000o\000p\000i\000c\000>\000\040\000\050\000<\000Y\000Y\000Y\000Y\000-\000M\000M\000-\000D\000D\000>\000\051}{appendix.B}% 24
\BOOKMARK [0][-]{appendix.C}{\376\377\000L\000e\000c\000t\000u\000r\000e\000\040\000Q\000u\000i\000c\000k\000\040\000N\000o\000t\000e\000s}{}% 25
\BOOKMARK [1][-]{section*.31}{\376\377\000L\000e\000c\000t\000u\000r\000e\000\040\000<\000Y\000Y\000Y\000Y\000-\000M\000M\000-\000D\000D\000>\000\040\040\024\000\040\000<\000t\000o\000p\000i\000c\000\040\000h\000e\000r\000e\000>}{appendix.C}% 26
\BOOKMARK [0][-]{appendix.D}{\376\377\000L\000a\000b\000\040\000R\000e\000p\000o\000r\000t\000s}{}% 27
\BOOKMARK [1][-]{section*.36}{\376\377\000M\000a\000s\000t\000e\000r\000\040\000L\000a\000b\000\040\000R\000e\000p\000o\000r\000t\000\040\000T\000e\000m\000p\000l\000a\000t\000e}{appendix.D}% 28
